c:\1 uc files\4 spring 2023\data structures\homework 4\x64\debug\vc143.pdb
c:\1 uc files\4 spring 2023\data structures\homework 4\x64\debug\vc143.idb
c:\1 uc files\4 spring 2023\data structures\homework 4\x64\debug\twodhash.obj
c:\1 uc files\4 spring 2023\data structures\homework 4\x64\debug\node.obj
c:\1 uc files\4 spring 2023\data structures\homework 4\x64\debug\hw4.obj
c:\1 uc files\4 spring 2023\data structures\homework 4\x64\debug\hashtable.obj
c:\1 uc files\4 spring 2023\data structures\homework 4\x64\debug\bst.obj
c:\1 uc files\4 spring 2023\data structures\homework 4\x64\debug\homework 4.ilk
c:\1 uc files\4 spring 2023\data structures\homework 4\x64\debug\homework 4.exe
c:\1 uc files\4 spring 2023\data structures\homework 4\x64\debug\homework 4.pdb
c:\1 uc files\4 spring 2023\data structures\homework 4\x64\debug\bstunittest.exp
c:\1 uc files\4 spring 2023\data structures\homework 4\x64\debug\hashtableunittest.exp
c:\1 uc files\4 spring 2023\data structures\homework 4\x64\debug\twodhashunittest.exp
c:\1 uc files\4 spring 2023\data structures\homework 4\x64\debug\bstunittest.pdb
c:\1 uc files\4 spring 2023\data structures\homework 4\x64\debug\hashtableunittest.pdb
c:\1 uc files\4 spring 2023\data structures\homework 4\x64\debug\twodhashunittest.pdb
c:\1 uc files\4 spring 2023\data structures\homework 4\x64\debug\homework 4.tlog\cl.command.1.tlog
c:\1 uc files\4 spring 2023\data structures\homework 4\x64\debug\homework 4.tlog\cl.read.1.tlog
c:\1 uc files\4 spring 2023\data structures\homework 4\x64\debug\homework 4.tlog\cl.write.1.tlog
c:\1 uc files\4 spring 2023\data structures\homework 4\x64\debug\homework 4.tlog\link.command.1.tlog
c:\1 uc files\4 spring 2023\data structures\homework 4\x64\debug\homework 4.tlog\link.read.1.tlog
c:\1 uc files\4 spring 2023\data structures\homework 4\x64\debug\homework 4.tlog\link.write.1.tlog
